Determining if the pthread_create exist failed with the following output:
Change Dir: /home/feibot/fei_slam/stdr_ws/build/CMakeFiles/CMakeTmp

Run Build Command:"/usr/bin/make" "cmTC_9932c/fast"
/usr/bin/make -f CMakeFiles/cmTC_9932c.dir/build.make CMakeFiles/cmTC_9932c.dir/build
make[1]: Entering directory '/home/feibot/fei_slam/stdr_ws/build/CMakeFiles/CMakeTmp'
Building C object CMakeFiles/cmTC_9932c.dir/CheckSymbolExists.c.o
/usr/bin/cc     -o CMakeFiles/cmTC_9932c.dir/CheckSymbolExists.c.o   -c /home/feibot/fei_slam/stdr_ws/build/CMakeFiles/CMakeTmp/CheckSymbolExists.c
Linking C executable cmTC_9932c
/usr/bin/cmake -E cmake_link_script CMakeFiles/cmTC_9932c.dir/link.txt --verbose=1
/usr/bin/cc       CMakeFiles/cmTC_9932c.dir/CheckSymbolExists.c.o  -o cmTC_9932c -rdynamic 
CMakeFiles/cmTC_9932c.dir/CheckSymbolExists.c.o：在函数‘main’中：
CheckSymbolExists.c:(.text+0x16)：对‘pthread_create’未定义的引用
collect2: error: ld returned 1 exit status
CMakeFiles/cmTC_9932c.dir/build.make:97: recipe for target 'cmTC_9932c' failed
make[1]: *** [cmTC_9932c] Error 1
make[1]: Leaving directory '/home/feibot/fei_slam/stdr_ws/build/CMakeFiles/CMakeTmp'
Makefile:126: recipe for target 'cmTC_9932c/fast' failed
make: *** [cmTC_9932c/fast] Error 2

File /home/feibot/fei_slam/stdr_ws/build/CMakeFiles/CMakeTmp/CheckSymbolExists.c:
/* */
#include <pthread.h>

int main(int argc, char** argv)
{
  (void)argv;
#ifndef pthread_create
  return ((int*)(&pthread_create))[argc];
#else
  (void)argc;
  return 0;
#endif
}

Determining if the function pthread_create exists in the pthreads failed with the following output:
Change Dir: /home/feibot/fei_slam/stdr_ws/build/CMakeFiles/CMakeTmp

Run Build Command:"/usr/bin/make" "cmTC_52f0f/fast"
/usr/bin/make -f CMakeFiles/cmTC_52f0f.dir/build.make CMakeFiles/cmTC_52f0f.dir/build
make[1]: Entering directory '/home/feibot/fei_slam/stdr_ws/build/CMakeFiles/CMakeTmp'
Building C object CMakeFiles/cmTC_52f0f.dir/CheckFunctionExists.c.o
/usr/bin/cc    -DCHECK_FUNCTION_EXISTS=pthread_create   -o CMakeFiles/cmTC_52f0f.dir/CheckFunctionExists.c.o   -c /usr/share/cmake-3.5/Modules/CheckFunctionExists.c
Linking C executable cmTC_52f0f
/usr/bin/cmake -E cmake_link_script CMakeFiles/cmTC_52f0f.dir/link.txt --verbose=1
/usr/bin/cc   -DCHECK_FUNCTION_EXISTS=pthread_create    CMakeFiles/cmTC_52f0f.dir/CheckFunctionExists.c.o  -o cmTC_52f0f -rdynamic -lpthreads 
/usr/bin/ld: 找不到 -lpthreads
collect2: error: ld returned 1 exit status
CMakeFiles/cmTC_52f0f.dir/build.make:97: recipe for target 'cmTC_52f0f' failed
make[1]: *** [cmTC_52f0f] Error 1
make[1]: Leaving directory '/home/feibot/fei_slam/stdr_ws/build/CMakeFiles/CMakeTmp'
Makefile:126: recipe for target 'cmTC_52f0f/fast' failed
make: *** [cmTC_52f0f/fast] Error 2


Determining if the Q_WS_WIN exist failed with the following output:
Change Dir: /home/feibot/fei_slam/stdr_ws/build/CMakeFiles/CMakeTmp

Run Build Command:"/usr/bin/make" "cmTC_3140a/fast"
/usr/bin/make -f CMakeFiles/cmTC_3140a.dir/build.make CMakeFiles/cmTC_3140a.dir/build
make[1]: Entering directory '/home/feibot/fei_slam/stdr_ws/build/CMakeFiles/CMakeTmp'
Building CXX object CMakeFiles/cmTC_3140a.dir/CheckSymbolExists.cxx.o
/usr/bin/c++    -I/usr/include/qt4   -o CMakeFiles/cmTC_3140a.dir/CheckSymbolExists.cxx.o -c /home/feibot/fei_slam/stdr_ws/build/CMakeFiles/CMakeTmp/CheckSymbolExists.cxx
/home/feibot/fei_slam/stdr_ws/build/CMakeFiles/CMakeTmp/CheckSymbolExists.cxx: In function ‘int main(int, char**)’:
/home/feibot/fei_slam/stdr_ws/build/CMakeFiles/CMakeTmp/CheckSymbolExists.cxx:8:19: error: ‘Q_WS_WIN’ was not declared in this scope
   return ((int*)(&Q_WS_WIN))[argc];
                   ^
CMakeFiles/cmTC_3140a.dir/build.make:65: recipe for target 'CMakeFiles/cmTC_3140a.dir/CheckSymbolExists.cxx.o' failed
make[1]: *** [CMakeFiles/cmTC_3140a.dir/CheckSymbolExists.cxx.o] Error 1
make[1]: Leaving directory '/home/feibot/fei_slam/stdr_ws/build/CMakeFiles/CMakeTmp'
Makefile:126: recipe for target 'cmTC_3140a/fast' failed
make: *** [cmTC_3140a/fast] Error 2

File /home/feibot/fei_slam/stdr_ws/build/CMakeFiles/CMakeTmp/CheckSymbolExists.cxx:
/* */
#include <QtCore/qglobal.h>

int main(int argc, char** argv)
{
  (void)argv;
#ifndef Q_WS_WIN
  return ((int*)(&Q_WS_WIN))[argc];
#else
  (void)argc;
  return 0;
#endif
}

Determining if the Q_WS_QWS exist failed with the following output:
Change Dir: /home/feibot/fei_slam/stdr_ws/build/CMakeFiles/CMakeTmp

Run Build Command:"/usr/bin/make" "cmTC_3b636/fast"
/usr/bin/make -f CMakeFiles/cmTC_3b636.dir/build.make CMakeFiles/cmTC_3b636.dir/build
make[1]: Entering directory '/home/feibot/fei_slam/stdr_ws/build/CMakeFiles/CMakeTmp'
Building CXX object CMakeFiles/cmTC_3b636.dir/CheckSymbolExists.cxx.o
/usr/bin/c++    -I/usr/include/qt4   -o CMakeFiles/cmTC_3b636.dir/CheckSymbolExists.cxx.o -c /home/feibot/fei_slam/stdr_ws/build/CMakeFiles/CMakeTmp/CheckSymbolExists.cxx
/home/feibot/fei_slam/stdr_ws/build/CMakeFiles/CMakeTmp/CheckSymbolExists.cxx: In function ‘int main(int, char**)’:
/home/feibot/fei_slam/stdr_ws/build/CMakeFiles/CMakeTmp/CheckSymbolExists.cxx:8:19: error: ‘Q_WS_QWS’ was not declared in this scope
   return ((int*)(&Q_WS_QWS))[argc];
                   ^
CMakeFiles/cmTC_3b636.dir/build.make:65: recipe for target 'CMakeFiles/cmTC_3b636.dir/CheckSymbolExists.cxx.o' failed
make[1]: *** [CMakeFiles/cmTC_3b636.dir/CheckSymbolExists.cxx.o] Error 1
make[1]: Leaving directory '/home/feibot/fei_slam/stdr_ws/build/CMakeFiles/CMakeTmp'
Makefile:126: recipe for target 'cmTC_3b636/fast' failed
make: *** [cmTC_3b636/fast] Error 2

File /home/feibot/fei_slam/stdr_ws/build/CMakeFiles/CMakeTmp/CheckSymbolExists.cxx:
/* */
#include <QtCore/qglobal.h>

int main(int argc, char** argv)
{
  (void)argv;
#ifndef Q_WS_QWS
  return ((int*)(&Q_WS_QWS))[argc];
#else
  (void)argc;
  return 0;
#endif
}

Determining if the Q_WS_MAC exist failed with the following output:
Change Dir: /home/feibot/fei_slam/stdr_ws/build/CMakeFiles/CMakeTmp

Run Build Command:"/usr/bin/make" "cmTC_4e41a/fast"
/usr/bin/make -f CMakeFiles/cmTC_4e41a.dir/build.make CMakeFiles/cmTC_4e41a.dir/build
make[1]: Entering directory '/home/feibot/fei_slam/stdr_ws/build/CMakeFiles/CMakeTmp'
Building CXX object CMakeFiles/cmTC_4e41a.dir/CheckSymbolExists.cxx.o
/usr/bin/c++    -I/usr/include/qt4   -o CMakeFiles/cmTC_4e41a.dir/CheckSymbolExists.cxx.o -c /home/feibot/fei_slam/stdr_ws/build/CMakeFiles/CMakeTmp/CheckSymbolExists.cxx
/home/feibot/fei_slam/stdr_ws/build/CMakeFiles/CMakeTmp/CheckSymbolExists.cxx: In function ‘int main(int, char**)’:
/home/feibot/fei_slam/stdr_ws/build/CMakeFiles/CMakeTmp/CheckSymbolExists.cxx:8:19: error: ‘Q_WS_MAC’ was not declared in this scope
   return ((int*)(&Q_WS_MAC))[argc];
                   ^
CMakeFiles/cmTC_4e41a.dir/build.make:65: recipe for target 'CMakeFiles/cmTC_4e41a.dir/CheckSymbolExists.cxx.o' failed
make[1]: *** [CMakeFiles/cmTC_4e41a.dir/CheckSymbolExists.cxx.o] Error 1
make[1]: Leaving directory '/home/feibot/fei_slam/stdr_ws/build/CMakeFiles/CMakeTmp'
Makefile:126: recipe for target 'cmTC_4e41a/fast' failed
make: *** [cmTC_4e41a/fast] Error 2

File /home/feibot/fei_slam/stdr_ws/build/CMakeFiles/CMakeTmp/CheckSymbolExists.cxx:
/* */
#include <QtCore/qglobal.h>

int main(int argc, char** argv)
{
  (void)argv;
#ifndef Q_WS_MAC
  return ((int*)(&Q_WS_MAC))[argc];
#else
  (void)argc;
  return 0;
#endif
}

Determining if the include file pgm.h exists failed with the following output:
Change Dir: /home/feibot/fei_slam/stdr_ws/build/CMakeFiles/CMakeTmp

Run Build Command:"/usr/bin/make" "cmTC_9f960/fast"
/usr/bin/make -f CMakeFiles/cmTC_9f960.dir/build.make CMakeFiles/cmTC_9f960.dir/build
make[1]: Entering directory '/home/feibot/fei_slam/stdr_ws/build/CMakeFiles/CMakeTmp'
Building CXX object CMakeFiles/cmTC_9f960.dir/CheckIncludeFile.cxx.o
/usr/bin/c++      -o CMakeFiles/cmTC_9f960.dir/CheckIncludeFile.cxx.o -c /home/feibot/fei_slam/stdr_ws/build/CMakeFiles/CMakeTmp/CheckIncludeFile.cxx
/home/feibot/fei_slam/stdr_ws/build/CMakeFiles/CMakeTmp/CheckIncludeFile.cxx:1:17: fatal error: pgm.h: 没有那个文件或目录
compilation terminated.
CMakeFiles/cmTC_9f960.dir/build.make:65: recipe for target 'CMakeFiles/cmTC_9f960.dir/CheckIncludeFile.cxx.o' failed
make[1]: *** [CMakeFiles/cmTC_9f960.dir/CheckIncludeFile.cxx.o] Error 1
make[1]: Leaving directory '/home/feibot/fei_slam/stdr_ws/build/CMakeFiles/CMakeTmp'
Makefile:126: recipe for target 'cmTC_9f960/fast' failed
make: *** [cmTC_9f960/fast] Error 2


